<?xml version="1.0" encoding="UTF-8"?>
<!-- Generated by org.testng.reporters.JUnitReportReporter -->
<testsuite skipped="0" hostname="PC-LONGNGUYEN" name="automationFramework.Ticket501_567_569" tests="2" failures="0" timestamp="14 Sep 2018 03:42:56 GMT" time="75.985" errors="0">
  <testcase name="CheckWarningPopup" time="18.568" classname="automationFramework.Ticket501_567_569"/>
  <testcase name="BookNutritionAppointment" time="57.417" classname="automationFramework.Ticket501_567_569"/>
</testsuite> <!-- automationFramework.Ticket501_567_569 -->
