<?xml version="1.0" encoding="UTF-8"?>
<!-- Generated by org.testng.reporters.JUnitReportReporter -->
<testsuite skipped="0" hostname="LONGNGUYEN" name="automationFramework.Ticket711" tests="1" failures="0" timestamp="02 Nov 2018 03:31:33 GMT" time="105.795" errors="0">
  <testcase name="MyCommunityRequest" time="105.795" classname="automationFramework.Ticket711"/>
</testsuite> <!-- automationFramework.Ticket711 -->
