<?xml version="1.0" encoding="UTF-8"?>
<!-- Generated by org.testng.reporters.JUnitReportReporter -->
<testsuite skipped="0" hostname="PC-LONGNGUYEN" name="automationFramework.Ticket551" tests="1" failures="0" timestamp="26 Sep 2018 03:45:15 GMT" time="81.323" errors="0">
  <testcase name="TransferItems" time="81.323" classname="automationFramework.Ticket551"/>
</testsuite> <!-- automationFramework.Ticket551 -->
