<?xml version="1.0" encoding="UTF-8"?>
<!-- Generated by org.testng.reporters.JUnitReportReporter -->
<testsuite skipped="0" hostname="PC-LONGNGUYEN" name="automationFramework.TestNG1" tests="1" failures="0" timestamp="12 Jul 2018 07:19:39 GMT" time="48.725" errors="0">
  <testcase name="main" time="48.725" classname="automationFramework.TestNG1"/>
</testsuite> <!-- automationFramework.TestNG1 -->
