<?xml version="1.0" encoding="UTF-8"?>
<!-- Generated by org.testng.reporters.JUnitReportReporter -->
<testsuite skipped="0" hostname="LONGNGUYEN" name="automationFramework.POM_TC_csv" tests="1" failures="0" timestamp="07 Nov 2018 06:52:08 GMT" time="35.048" errors="0">
  <testcase name="main" time="35.048" classname="automationFramework.POM_TC_csv"/>
</testsuite> <!-- automationFramework.POM_TC_csv -->
