<?xml version="1.0" encoding="UTF-8"?>
<!-- Generated by org.testng.reporters.JUnitReportReporter -->
<testsuite skipped="0" hostname="PC-LONGNGUYEN" name="automationFramework.POM_NG1" tests="2" failures="0" timestamp="25 Jul 2018 02:28:26 GMT" time="25.438" errors="0">
  <testcase name="LoginOnlineStore" time="10.577" classname="automationFramework.POM_NG1"/>
  <testcase name="SelectProductandAddtoCart" time="14.861" classname="automationFramework.POM_NG1"/>
</testsuite> <!-- automationFramework.POM_NG1 -->
