<?xml version="1.0" encoding="UTF-8"?>
<!-- Generated by org.testng.reporters.JUnitReportReporter -->
<testsuite skipped="0" hostname="LONGNGUYEN" name="automationFramework.POM_TC" tests="1" failures="0" timestamp="07 Nov 2018 01:53:01 GMT" time="150.058" errors="0">
  <testcase name="main" time="150.058" classname="automationFramework.POM_TC"/>
</testsuite> <!-- automationFramework.POM_TC -->
