<?xml version="1.0" encoding="UTF-8"?>
<!-- Generated by org.testng.reporters.JUnitReportReporter -->
<testsuite skipped="0" hostname="PC-LONGNGUYEN" name="automationFramework.POM_NG2" tests="2" failures="0" timestamp="25 Jul 2018 02:28:26 GMT" time="51.351" errors="0">
  <testcase name="CheckOut" time="2.342" classname="automationFramework.POM_NG2"/>
  <testcase name="Payment" time="49.009" classname="automationFramework.POM_NG2"/>
</testsuite> <!-- automationFramework.POM_NG2 -->
