<?xml version="1.0" encoding="UTF-8"?>
<!-- Generated by org.testng.reporters.JUnitReportReporter -->
<testsuite skipped="0" hostname="PC-LONGNGUYEN" name="automationFramework.Ticket501" tests="2" failures="0" timestamp="05 Sep 2018 06:42:29 GMT" time="65.326" errors="0">
  <testcase name="CheckWarningPopup" time="15.920" classname="automationFramework.Ticket501"/>
  <testcase name="BookNutritionAppointment" time="49.406" classname="automationFramework.Ticket501"/>
</testsuite> <!-- automationFramework.Ticket501 -->
