<?xml version="1.0" encoding="UTF-8"?>
<!-- Generated by org.testng.reporters.JUnitReportReporter -->
<testsuite skipped="0" hostname="PC-LONGNGUYEN" name="automationFramework.Ticket711" tests="1" failures="0" timestamp="11 Oct 2018 09:10:19 GMT" time="109.429" errors="0">
  <testcase name="MyCommunityRequest" time="109.429" classname="automationFramework.Ticket711"/>
</testsuite> <!-- automationFramework.Ticket711 -->
