<?xml version="1.0" encoding="UTF-8"?>
<!-- Generated by org.testng.reporters.JUnitReportReporter -->
<testsuite skipped="0" hostname="PC-LONGNGUYEN" name="automationFramework.Ticket653" tests="1" failures="0" timestamp="26 Sep 2018 03:45:15 GMT" time="77.118" errors="0">
  <testcase name="Timecard" time="77.118" classname="automationFramework.Ticket653"/>
</testsuite> <!-- automationFramework.Ticket653 -->
